<?xml version="1.0" encoding="utf-8"?><testsuites name="pytest tests"><testsuite name="pytest" errors="0" failures="0" skipped="0" tests="356" time="26.757" timestamp="2025-11-30T18:16:14.694729+01:00" hostname="PORTATIL_LG"><testcase classname="tests.test_apa_formatter" name="test_apa_format_authors_single_author" time="0.161" /><testcase classname="tests.test_apa_formatter" name="test_apa_format_authors_two_authors" time="0.026" /><testcase classname="tests.test_apa_formatter" name="test_apa_format_authors_three_or_more_authors" time="0.026" /><testcase classname="tests.test_apa_formatter" name="test_apa_format_authors_empty_list" time="0.040" /><testcase classname="tests.test_apa_formatter" name="test_apa_book_complete_data" time="0.029" /><testcase classname="tests.test_apa_formatter" name="test_apa_book_minimal_data" time="0.023" /><testcase classname="tests.test_apa_formatter" name="test_apa_book_first_edition_ignored" time="0.018" /><testcase classname="tests.test_apa_formatter" name="test_apa_article_complete_data" time="0.023" /><testcase classname="tests.test_apa_formatter" name="test_apa_article_without_doi" time="0.023" /><testcase classname="tests.test_apa_formatter" name="test_apa_article_without_issue" time="0.030" /><testcase classname="tests.test_apa_formatter" name="test_apa_website_complete_data" time="0.023" /><testcase classname="tests.test_apa_formatter" name="test_apa_website_minimal_data" time="0.027" /><testcase classname="tests.test_apa_formatter" name="test_apa_report_complete_data" time="0.032" /><testcase classname="tests.test_apa_formatter" name="test_apa_report_without_url" time="0.029" /><testcase classname="tests.test_apa_formatter" name="test_apa_citation_missing_fields_handled_gracefully" time="0.018" /><testcase classname="tests.test_apa_formatter" name="test_apa_citation_unsupported_type" time="0.023" /><testcase classname="tests.test_apa_formatter" name="test_apa_book_no_authors" time="0.020" /><testcase classname="tests.test_apa_formatter" name="test_apa_article_no_volume_or_pages" time="0.019" /><testcase classname="tests.test_apa_formatter" name="test_apa_website_no_url" time="0.025" /><testcase classname="tests.test_apa_formatter" name="test_apa__normalize_edition_various" time="0.028" /><testcase classname="tests.test_apa_formatter" name="test_apa__get_authors_list_various_formats" time="0.072" /><testcase classname="tests.test_apa_formatter" name="test_apa_book_with_advanced_edition_in_real_citation" time="0.022" /><testcase classname="tests.test_apa_formatter" name="test_apa_article_year_none_shows_nd" time="0.029" /><testcase classname="tests.test_apa_formatter" name="test_apa_article_multiple_page_ranges" time="0.026" /><testcase classname="tests.test_apa_formatter" name="test_apa_website_year_none_shows_nd" time="0.018" /><testcase classname="tests.test_apa_formatter" name="test_apa_report_year_none_shows_nd" time="0.025" /><testcase classname="tests.test_apa_formatter" name="test_apa_authors_more_than_20_shows_ellipsis" time="0.024" /><testcase classname="tests.test_apa_formatter" name="test_apa_authors_exactly_20_no_ellipsis" time="0.020" /><testcase classname="tests.test_apa_formatter" name="test_apa_to_sentence_case_basic" time="0.021" /><testcase classname="tests.test_apa_formatter" name="test_apa_to_sentence_case_with_colon" time="0.019" /><testcase classname="tests.test_apa_formatter" name="test_apa_to_sentence_case_preserves_acronyms" time="0.023" /><testcase classname="tests.test_apa_formatter" name="test_apa_to_sentence_case_short_acronyms" time="0.027" /><testcase classname="tests.test_apa_formatter" name="test_apa_to_sentence_case_with_punctuation" time="0.029" /><testcase classname="tests.test_apa_formatter" name="test_apa_to_sentence_case_empty_or_none" time="0.022" /><testcase classname="tests.test_apa_formatter" name="test_apa_to_sentence_case_complex_scenarios" time="0.021" /><testcase classname="tests.test_apa_formatter" name="test_apa_normalize_author_name_two_part" time="0.021" /><testcase classname="tests.test_apa_formatter" name="test_apa_normalize_author_name_three_part" time="0.019" /><testcase classname="tests.test_apa_formatter" name="test_apa_normalize_author_name_four_part" time="0.018" /><testcase classname="tests.test_apa_formatter" name="test_apa_normalize_author_name_single_name" time="0.025" /><testcase classname="tests.test_apa_formatter" name="test_apa_normalize_author_name_with_spaces" time="0.026" /><testcase classname="tests.test_apa_formatter" name="test_apa_normalize_author_name_empty" time="0.028" /><testcase classname="tests.test_apa_formatter" name="test_apa_normalize_author_name_lowercase" time="0.028" /><testcase classname="tests.test_citation_config" name="test_singleton_behavior" time="0.018" /><testcase classname="tests.test_citation_config" name="test_singleton_has_same_id" time="0.026" /><testcase classname="tests.test_citation_config" name="test_singleton_initialization_only_once" time="0.021" /><testcase classname="tests.test_citation_config" name="test_get_required_fields_book" time="0.015" /><testcase classname="tests.test_citation_config" name="test_get_required_fields_article" time="0.014" /><testcase classname="tests.test_citation_config" name="test_get_required_fields_website" time="0.015" /><testcase classname="tests.test_citation_config" name="test_get_required_fields_report" time="0.014" /><testcase classname="tests.test_citation_config" name="test_get_required_fields_unsupported_type_raises_keyerror" time="0.023" /><testcase classname="tests.test_citation_config" name="test_get_required_fields_empty_string_raises_keyerror" time="0.018" /><testcase classname="tests.test_citation_config" name="test_get_required_fields_none_type_raises_keyerror" time="0.023" /><testcase classname="tests.test_citation_config" name="test_is_valid_type_valid_types" time="0.019" /><testcase classname="tests.test_citation_config" name="test_is_valid_type_invalid_types" time="0.015" /><testcase classname="tests.test_citation_config" name="test_is_valid_type_case_sensitive" time="0.017" /><testcase classname="tests.test_citation_config" name="test_is_valid_type_with_none" time="0.018" /><testcase classname="tests.test_citation_config" name="test_get_supported_types" time="0.022" /><testcase classname="tests.test_citation_config" name="test_get_supported_types_returns_list" time="0.019" /><testcase classname="tests.test_citation_config" name="test_get_supported_types_has_all_types" time="0.022" /><testcase classname="tests.test_citation_config" name="test_get_required_for_citation_types_returns_dict" time="0.026" /><testcase classname="tests.test_citation_config" name="test_get_required_for_citation_types_has_all_types" time="0.033" /><testcase classname="tests.test_citation_config" name="test_get_required_for_citation_types_each_has_fields" time="0.026" /><testcase classname="tests.test_citation_config" name="test_data_immutability_required_for_citation_types" time="0.034" /><testcase classname="tests.test_citation_config" name="test_data_immutability_get_required_fields" time="0.025" /><testcase classname="tests.test_citation_config" name="test_data_immutability_get_supported_types" time="0.029" /><testcase classname="tests.test_citation_config" name="test_data_immutability_nested_list_modification" time="0.019" /><testcase classname="tests.test_citation_config" name="test_all_citation_types_have_required_fields" time="0.023" /><testcase classname="tests.test_citation_config" name="test_all_required_fields_are_strings" time="0.029" /><testcase classname="tests.test_citation_config" name="test_no_duplicate_fields_in_any_type" time="0.021" /><testcase classname="tests.test_citation_config" name="test_common_fields_across_all_types" time="0.025" /><testcase classname="tests.test_citation_config" name="test_type_specific_fields" time="0.015" /><testcase classname="tests.test_citation_repo" name="test_create_citation_linked_to_project" time="0.079" /><testcase classname="tests.test_citation_repo" name="test_create_identical_citation_reuses_existing" time="0.057" /><testcase classname="tests.test_citation_repo" name="test_create_identical_citation_different_project" time="0.073" /><testcase classname="tests.test_citation_repo" name="test_create_citation_with_all_optional_fields" time="0.059" /><testcase classname="tests.test_citation_repo" name="test_find_duplicate_citation_case_insensitive" time="0.087" /><testcase classname="tests.test_citation_repo" name="test_find_duplicate_citation_no_false_positive" time="0.063" /><testcase classname="tests.test_citation_repo" name="test_get_citation_by_id" time="0.072" /><testcase classname="tests.test_citation_repo" name="test_get_citation_by_id_not_found" time="0.045" /><testcase classname="tests.test_citation_repo" name="test_delete_citation_not_found" time="0.043" /><testcase classname="tests.test_citation_repo" name="test_delete_citation_single_project" time="0.072" /><testcase classname="tests.test_citation_repo" name="test_delete_citation_multiple_projects" time="0.094" /><testcase classname="tests.test_citation_repo" name="test_delete_orphan_citation" time="0.077" /><testcase classname="tests.test_citation_repo" name="test_delete_citation_with_none_project_id" time="0.097" /><testcase classname="tests.test_citation_repo" name="test_update_citation" time="0.105" /><testcase classname="tests.test_citation_repo" name="test_update_citation_title_and_year" time="0.071" /><testcase classname="tests.test_citation_repo" name="test_update_citation_authors" time="0.059" /><testcase classname="tests.test_citation_repo" name="test_update_citation_not_found" time="0.032" /><testcase classname="tests.test_citation_repo" name="test_update_citation_merges_with_existing_identical" time="0.123" /><testcase classname="tests.test_citation_repo" name="test_update_citation_multiple_projects_creates_new" time="0.088" /><testcase classname="tests.test_citation_repo" name="test_update_citation_single_project_modifies_in_place" time="0.122" /><testcase classname="tests.test_citation_repo" name="test_update_citation_changing_type_filters_fields" time="0.068" /><testcase classname="tests.test_citation_repo" name="test_merge_citation_data_filters_by_type" time="0.056" /><testcase classname="tests.test_citation_repo" name="test_merge_citation_data_converts_authors_list_to_json" time="0.062" /><testcase classname="tests.test_citation_repo" name="test_update_citation_with_none_values_are_applied" time="0.102" /><testcase classname="tests.test_citation_repo" name="test_update_citation_all_fields_at_once" time="0.074" /><testcase classname="tests.test_citation_repo" name="test_update_citation_with_invalid_field_is_ignored" time="0.077" /><testcase classname="tests.test_citation_repo" name="test_update_citation_with_authors_as_string" time="0.145" /><testcase classname="tests.test_citation_repo" name="test_update_citation_with_same_values_does_not_duplicate" time="0.071" /><testcase classname="tests.test_citation_router" name="test_create_citation_success" time="0.094" /><testcase classname="tests.test_citation_router" name="test_get_citation_by_id_success" time="0.029" /><testcase classname="tests.test_citation_router" name="test_update_citation_success" time="0.034" /><testcase classname="tests.test_citation_router" name="test_delete_citation_success" time="0.031" /><testcase classname="tests.test_citation_router" name="test_create_citation_project_not_found" time="0.036" /><testcase classname="tests.test_citation_router" name="test_create_citation_missing_required_fields" time="0.026" /><testcase classname="tests.test_citation_router" name="test_create_citation_unsupported_type" time="0.024" /><testcase classname="tests.test_citation_router" name="test_get_citation_not_found" time="0.022" /><testcase classname="tests.test_citation_router" name="test_update_citation_project_not_found" time="0.025" /><testcase classname="tests.test_citation_router" name="test_delete_citation_not_found" time="0.023" /><testcase classname="tests.test_citation_router" name="test_update_citation_invalid_data" time="0.027" /><testcase classname="tests.test_citation_router" name="test_get_citation_internal_error" time="0.040" /><testcase classname="tests.test_citation_service" name="test_create_citation_project_id_none" time="0.031" /><testcase classname="tests.test_citation_service" name="test_create_citation_project_not_exists" time="0.054" /><testcase classname="tests.test_citation_service" name="test_create_citation_data_none" time="0.127" /><testcase classname="tests.test_citation_service" name="test_create_citation_duplicate_detected" time="0.092" /><testcase classname="tests.test_citation_service" name="test_create_citation_valid_case" time="0.075" /><testcase classname="tests.test_citation_service" name="test_get_citation_id_none" time="0.036" /><testcase classname="tests.test_citation_service" name="test_get_citation_not_found" time="0.036" /><testcase classname="tests.test_citation_service" name="test_get_citation_found" time="0.080" /><testcase classname="tests.test_citation_service" name="test_update_citation_id_none" time="0.029" /><testcase classname="tests.test_citation_service" name="test_update_citation_project_id_none" time="0.024" /><testcase classname="tests.test_citation_service" name="test_update_citation_data_none" time="0.024" /><testcase classname="tests.test_citation_service" name="test_update_citation_project_not_exists" time="0.026" /><testcase classname="tests.test_citation_service" name="test_update_citation_not_exists" time="0.032" /><testcase classname="tests.test_citation_service" name="test_update_citation_duplicate_detected" time="0.057" /><testcase classname="tests.test_citation_service" name="test_update_citation_type_not_changes" time="0.058" /><testcase classname="tests.test_citation_service" name="test_update_citation_type_changes" time="0.060" /><testcase classname="tests.test_citation_service" name="test_delete_citation_id_none" time="0.026" /><testcase classname="tests.test_citation_service" name="test_delete_citation_project_id_none" time="0.019" /><testcase classname="tests.test_citation_service" name="test_delete_citation_project_not_exists" time="0.024" /><testcase classname="tests.test_citation_service" name="test_delete_citation_not_exists" time="0.030" /><testcase classname="tests.test_citation_service" name="test_delete_citation_valid_case" time="0.052" /><testcase classname="tests.test_citation_service" name="test_format_citation_apa" time="0.043" /><testcase classname="tests.test_citation_service" name="test_format_citation_mla" time="0.047" /><testcase classname="tests.test_citation_service" name="test_format_citation_unsupported_format" time="0.051" /><testcase classname="tests.test_citation_service" name="test_format_citation_website_apa" time="0.043" /><testcase classname="tests.test_citation_service" name="test_format_citation_report_mla" time="0.045" /><testcase classname="tests.test_citation_service" name="test_format_citation_none_citation" time="0.022" /><testcase classname="tests.test_citation_service" name="test_format_citation_invalid_citation_object" time="0.020" /><testcase classname="tests.test_database" name="test_engine_configuration" time="0.017" /><testcase classname="tests.test_database" name="test_database_url_environment_configuration" time="0.018" /><testcase classname="tests.test_database" name="test_database_engine_singleton_behavior" time="0.023" /><testcase classname="tests.test_database" name="test_reset_instance_creates_new_engine" time="0.016" /><testcase classname="tests.test_database" name="test_reset_instance_without_existing_engine" time="0.016" /><testcase classname="tests.test_database" name="test_local_session_factory" time="0.017" /><testcase classname="tests.test_database" name="test_session_factory_returns_new_factory_on_engine_reset" time="0.016" /><testcase classname="tests.test_database" name="test_get_db_returns_session" time="0.019" /><testcase classname="tests.test_database" name="test_get_db_closes_session_on_completion" time="0.018" /><testcase classname="tests.test_database" name="test_get_db_closes_session_on_exception" time="0.020" /><testcase classname="tests.test_database" name="test_get_db_handles_session_creation_failure" time="0.015" /><testcase classname="tests.test_database" name="test_get_db_generator_pattern" time="0.023" /><testcase classname="tests.test_database" name="test_get_db_multiple_iterations" time="0.020" /><testcase classname="tests.test_database" name="test_database_session_isolation" time="0.020" /><testcase classname="tests.test_database" name="test_get_singleton_engine" time="0.015" /><testcase classname="tests.test_database" name="test_module_level_engine_uses_singleton" time="0.015" /><testcase classname="tests.test_dependencies" name="test_get_citation_service_returns_citation_service_instance" time="0.016" /><testcase classname="tests.test_dependencies" name="test_citation_service_creation_error" time="0.014" /><testcase classname="tests.test_dependencies" name="test_get_project_service_returns_project_service_instance" time="0.016" /><testcase classname="tests.test_dependencies" name="test_get_db_returns_session" time="0.016" /><testcase classname="tests.test_dependencies" name="test_get_db_closes_on_exception" time="0.018" /><testcase classname="tests.test_dependencies" name="test_get_db_exception_handling" time="0.016" /><testcase classname="tests.test_dependencies" name="test_database_connection_basic" time="0.016" /><testcase classname="tests.test_integration_formatter" name="test_apa_formatter_with_real_book_citation" time="0.047" /><testcase classname="tests.test_integration_formatter" name="test_mla_formatter_with_real_book_citation" time="0.043" /><testcase classname="tests.test_integration_formatter" name="test_apa_formatter_with_real_article_citation" time="0.044" /><testcase classname="tests.test_integration_formatter" name="test_mla_formatter_with_real_article_citation" time="0.046" /><testcase classname="tests.test_integration_formatter" name="test_bibliography_generation_apa_integration" time="0.071" /><testcase classname="tests.test_integration_formatter" name="test_bibliography_generation_mla_integration" time="0.045" /><testcase classname="tests.test_integration_formatter" name="test_format_switching_same_citations" time="0.051" /><testcase classname="tests.test_integration_formatter" name="test_formatter_with_website_citation" time="0.052" /><testcase classname="tests.test_integration_formatter" name="test_empty_bibliography_formatting" time="0.034" /><testcase classname="tests.test_integration_formatter" name="test_bibliography_sorting" time="0.048" /><testcase classname="tests.test_integration_formatter" name="test_updated_citation_reflects_in_bibliography" time="0.070" /><testcase classname="tests.test_integration_service_repo" name="test_create_project_service_to_repo_integration" time="0.042" /><testcase classname="tests.test_integration_service_repo" name="test_update_project_service_to_repo_integration" time="0.048" /><testcase classname="tests.test_integration_service_repo" name="test_delete_project_service_to_repo_integration" time="0.045" /><testcase classname="tests.test_integration_service_repo" name="test_get_all_projects_service_to_repo_integration" time="0.045" /><testcase classname="tests.test_integration_service_repo" name="test_create_citation_service_to_repo_integration" time="0.062" /><testcase classname="tests.test_integration_service_repo" name="test_update_citation_service_to_repo_integration" time="0.071" /><testcase classname="tests.test_integration_service_repo" name="test_delete_citation_service_to_repo_integration" time="0.065" /><testcase classname="tests.test_integration_service_repo" name="test_get_citation_service_to_repo_integration" time="0.050" /><testcase classname="tests.test_integration_service_repo" name="test_project_citations_relationship_integration" time="0.064" /><testcase classname="tests.test_integration_service_repo" name="test_delete_project_cascades_citations_integration" time="0.055" /><testcase classname="tests.test_integration_service_repo" name="test_shared_citation_across_projects_integration" time="0.061" /><testcase classname="tests.test_integration_service_repo" name="test_update_shared_citation_creates_copy_integration" time="0.078" /><testcase classname="tests.test_integration_service_repo" name="test_duplicate_detection_integration" time="0.041" /><testcase classname="tests.test_integration_service_repo" name="test_bibliography_generation_integration" time="0.054" /><testcase classname="tests.test_integration_service_repo" name="test_validation_errors_propagate_through_layers" time="0.024" /><testcase classname="tests.test_integration_service_repo" name="test_transaction_rollback_on_error_integration" time="0.038" /><testcase classname="tests.test_integration_service_repo" name="test_empty_project_integration" time="0.028" /><testcase classname="tests.test_integration_service_repo" name="test_concurrent_citation_creation_integration" time="0.070" /><testcase classname="tests.test_integration_service_repo" name="test_project_name_uniqueness_integration" time="0.089" /><testcase classname="tests.test_integration_service_repo" name="test_update_project_name_to_existing_integration" time="0.038" /><testcase classname="tests.test_integration_validator" name="test_book_citation_missing_required_fields" time="0.049" /><testcase classname="tests.test_integration_validator" name="test_article_citation_missing_required_fields" time="0.050" /><testcase classname="tests.test_integration_validator" name="test_website_citation_missing_required_fields" time="0.035" /><testcase classname="tests.test_integration_validator" name="test_report_citation_missing_required_fields" time="0.028" /><testcase classname="tests.test_integration_validator" name="test_invalid_citation_type" time="0.028" /><testcase classname="tests.test_integration_validator" name="test_missing_authors_field" time="0.032" /><testcase classname="tests.test_integration_validator" name="test_empty_authors_list" time="0.027" /><testcase classname="tests.test_integration_validator" name="test_missing_title_field" time="0.026" /><testcase classname="tests.test_integration_validator" name="test_missing_year_field" time="0.031" /><testcase classname="tests.test_integration_validator" name="test_invalid_year_type" time="0.027" /><testcase classname="tests.test_integration_validator" name="test_valid_book_citation_passes_validation" time="0.047" /><testcase classname="tests.test_integration_validator" name="test_valid_article_citation_passes_validation" time="0.046" /><testcase classname="tests.test_integration_validator" name="test_valid_website_citation_passes_validation" time="0.053" /><testcase classname="tests.test_integration_validator" name="test_valid_report_citation_passes_validation" time="0.047" /><testcase classname="tests.test_integration_validator" name="test_update_citation_validates_changes" time="0.054" /><testcase classname="tests.test_integration_validator" name="test_project_name_validation_empty" time="0.038" /><testcase classname="tests.test_integration_validator" name="test_project_name_validation_whitespace" time="0.040" /><testcase classname="tests.test_integration_validator" name="test_project_name_validation_none" time="0.019" /><testcase classname="tests.test_integration_validator" name="test_duplicate_project_name_validation" time="0.025" /><testcase classname="tests.test_integration_validator" name="test_duplicate_citation_in_project_validation" time="0.060" /><testcase classname="tests.test_integration_validator" name="test_nonexistent_project_validation" time="0.036" /><testcase classname="tests.test_integration_validator" name="test_update_nonexistent_project_validation" time="0.027" /><testcase classname="tests.test_integration_validator" name="test_update_nonexistent_citation_validation" time="0.025" /><testcase classname="tests.test_integration_validator" name="test_delete_nonexistent_project_validation" time="0.018" /><testcase classname="tests.test_integration_validator" name="test_delete_nonexistent_citation_validation" time="0.029" /><testcase classname="tests.test_integration_validator" name="test_citation_belongs_to_project_validation" time="0.062" /><testcase classname="tests.test_integration_validator" name="test_multiple_validation_errors_reported" time="0.024" /><testcase classname="tests.test_integration_validator" name="test_validation_allows_optional_fields_missing" time="0.064" /><testcase classname="tests.test_integration_validator" name="test_validation_preserves_valid_data_types" time="0.091" /><testcase classname="tests.test_integration_validator" name="test_validation_error_rollback" time="0.096" /><testcase classname="tests.test_main" name="test_root_endpoint" time="0.046" /><testcase classname="tests.test_main" name="test_health_check" time="0.060" /><testcase classname="tests.test_main" name="test_openapi_docs" time="0.048" /><testcase classname="tests.test_main" name="test_redoc_docs" time="0.051" /><testcase classname="tests.test_main" name="test_invalid_endpoint" time="0.046" /><testcase classname="tests.test_main" name="test_exception_handling" time="0.052" /><testcase classname="tests.test_mla_formatter" name="test_mla_book_single_author" time="0.027" /><testcase classname="tests.test_mla_formatter" name="test_mla_book_two_authors" time="0.031" /><testcase classname="tests.test_mla_formatter" name="test_mla_book_three_authors" time="0.024" /><testcase classname="tests.test_mla_formatter" name="test_mla_book_with_edition" time="0.020" /><testcase classname="tests.test_mla_formatter" name="test_mla_book_first_edition_ignored" time="0.018" /><testcase classname="tests.test_mla_formatter" name="test_mla_article_complete_data" time="0.016" /><testcase classname="tests.test_mla_formatter" name="test_mla_article_without_doi" time="0.018" /><testcase classname="tests.test_mla_formatter" name="test_mla_article_without_issue" time="0.062" /><testcase classname="tests.test_mla_formatter" name="test_mla_website_complete_data" time="0.038" /><testcase classname="tests.test_mla_formatter" name="test_mla_website_without_author" time="0.025" /><testcase classname="tests.test_mla_formatter" name="test_mla_website_without_access_date" time="0.017" /><testcase classname="tests.test_mla_formatter" name="test_mla_report_complete_data" time="0.017" /><testcase classname="tests.test_mla_formatter" name="test_mla_report_without_url" time="0.019" /><testcase classname="tests.test_mla_formatter" name="test_mla_format_authors_single" time="0.022" /><testcase classname="tests.test_mla_formatter" name="test_mla_format_authors_two" time="0.017" /><testcase classname="tests.test_mla_formatter" name="test_mla_format_authors_three_or_more" time="0.015" /><testcase classname="tests.test_mla_formatter" name="test_mla_format_authors_empty" time="0.014" /><testcase classname="tests.test_mla_formatter" name="test_mla__normalize_edition_various" time="0.014" /><testcase classname="tests.test_mla_formatter" name="test_mla_unsupported_citation_type" time="0.016" /><testcase classname="tests.test_mla_formatter" name="test_mla_missing_required_fields_handled_gracefully" time="0.015" /><testcase classname="tests.test_mla_formatter" name="test_mla_book_with_advanced_edition_in_real_citation" time="0.018" /><testcase classname="tests.test_mla_formatter" name="test_mla_article_year_none_shows_nd" time="0.013" /><testcase classname="tests.test_mla_formatter" name="test_mla_website_year_none_with_valid_access_date" time="0.021" /><testcase classname="tests.test_mla_formatter" name="test_mla_website_year_none_with_invalid_access_date" time="0.012" /><testcase classname="tests.test_mla_formatter" name="test_mla_report_year_none_shows_nd" time="0.011" /><testcase classname="tests.test_mla_formatter" name="test_mla_authors_four_or_more_shows_et_al" time="0.012" /><testcase classname="tests.test_mla_formatter" name="test_mla_title_case_conversion" time="0.014" /><testcase classname="tests.test_mla_formatter" name="test_mla_book_with_title_case_complex" time="0.013" /><testcase classname="tests.test_mla_formatter" name="test_mla_article_with_title_case_complex" time="0.015" /><testcase classname="tests.test_mla_formatter" name="test_mla_authors_exactly_three_lists_all" time="0.014" /><testcase classname="tests.test_mla_formatter" name="test_mla_format_access_date_valid_format" time="0.016" /><testcase classname="tests.test_mla_formatter" name="test_mla_format_access_date_single_digit_day" time="0.013" /><testcase classname="tests.test_mla_formatter" name="test_mla_format_access_date_all_months" time="0.016" /><testcase classname="tests.test_mla_formatter" name="test_mla_format_access_date_invalid_format_returns_as_is" time="0.015" /><testcase classname="tests.test_mla_formatter" name="test_mla_format_access_date_none_raises_error" time="0.014" /><testcase classname="tests.test_mla_formatter" name="test_mla_normalize_author_name_two_part" time="0.014" /><testcase classname="tests.test_mla_formatter" name="test_mla_normalize_author_name_three_part" time="0.014" /><testcase classname="tests.test_mla_formatter" name="test_mla_normalize_author_name_four_part" time="0.014" /><testcase classname="tests.test_mla_formatter" name="test_mla_normalize_author_name_single_name" time="0.012" /><testcase classname="tests.test_mla_formatter" name="test_mla_normalize_author_name_with_spaces" time="0.013" /><testcase classname="tests.test_mla_formatter" name="test_mla_normalize_author_name_empty" time="0.013" /><testcase classname="tests.test_mla_formatter" name="test_mla_normalize_author_name_preserves_case" time="0.016" /><testcase classname="tests.test_mla_formatter" name="test_mla_normalize_author_name_hyphenated" time="0.013" /><testcase classname="tests.test_project_repo" name="test_create_project" time="0.142" /><testcase classname="tests.test_project_repo" name="test_get_project_by_id" time="0.121" /><testcase classname="tests.test_project_repo" name="test_get_project_by_id_not_found" time="0.107" /><testcase classname="tests.test_project_repo" name="test_get_all_projects" time="0.136" /><testcase classname="tests.test_project_repo" name="test_get_all_projects_empty" time="0.101" /><testcase classname="tests.test_project_repo" name="test_update_project_name" time="0.132" /><testcase classname="tests.test_project_repo" name="test_update_project_not_found" time="0.106" /><testcase classname="tests.test_project_repo" name="test_delete_project_with_no_citations" time="0.146" /><testcase classname="tests.test_project_repo" name="test_delete_project_not_found" time="0.113" /><testcase classname="tests.test_project_repo" name="test_delete_project_with_unique_citations" time="0.221" /><testcase classname="tests.test_project_repo" name="test_delete_project_with_shared_citations" time="0.210" /><testcase classname="tests.test_project_repo" name="test_delete_project_mixed_citations" time="0.245" /><testcase classname="tests.test_project_repo" name="test_delete_project_cascade_integrity" time="0.179" /><testcase classname="tests.test_project_repo" name="test_delete_project_multiple_citations_performance" time="0.535" /><testcase classname="tests.test_project_repo" name="test_get_by_name_existing" time="0.112" /><testcase classname="tests.test_project_repo" name="test_get_by_name_not_found" time="0.102" /><testcase classname="tests.test_project_repo" name="test_get_by_name_case_insensitive_uppercase" time="0.124" /><testcase classname="tests.test_project_repo" name="test_get_by_name_case_insensitive_lowercase" time="0.115" /><testcase classname="tests.test_project_repo" name="test_get_by_name_case_insensitive_mixed_case" time="0.116" /><testcase classname="tests.test_project_repo" name="test_get_by_name_case_insensitive_no_false_positive" time="0.136" /><testcase classname="tests.test_project_repo" name="test_get_by_name_case_insensitive_with_special_characters" time="0.129" /><testcase classname="tests.test_project_repo" name="test_get_all_by_project" time="0.190" /><testcase classname="tests.test_project_repo" name="test_get_all_by_project_empty" time="0.118" /><testcase classname="tests.test_project_repo" name="test_get_all_by_project_nonexistent_project" time="0.101" /><testcase classname="tests.test_project_repo" name="test_update_project_with_invalid_field_is_ignored" time="0.128" /><testcase classname="tests.test_project_repo" name="test_update_project_with_none_value_does_not_overwrite" time="0.119" /><testcase classname="tests.test_project_repo" name="test_update_project_with_empty_string_name" time="0.131" /><testcase classname="tests.test_project_repo" name="test_create_project_and_verify_timestamp" time="0.115" /><testcase classname="tests.test_project_repo" name="test_get_all_projects_ordering_explicit" time="0.171" /><testcase classname="tests.test_project_repo" name="test_get_all_by_project_ordering_explicit" time="0.215" /><testcase classname="tests.test_project_repo" name="test_delete_project_empty_and_verify_complete_removal" time="0.137" /><testcase classname="tests.test_project_repo" name="test_get_by_name_exact_match_returns_correct_project" time="0.146" /><testcase classname="tests.test_project_repo" name="test_get_by_name_with_whitespace" time="0.117" /><testcase classname="tests.test_project_repo" name="test_create_multiple_projects_with_same_name" time="0.126" /><testcase classname="tests.test_project_repo" name="test_update_project_multiple_times" time="0.163" /><testcase classname="tests.test_project_repo" name="test_get_all_by_project_with_shared_citations" time="0.229" /><testcase classname="tests.test_project_router" name="test_create_project_success" time="0.038" /><testcase classname="tests.test_project_router" name="test_get_all_projects_success" time="0.040" /><testcase classname="tests.test_project_router" name="test_get_project_by_id_success" time="0.037" /><testcase classname="tests.test_project_router" name="test_update_project_success" time="0.027" /><testcase classname="tests.test_project_router" name="test_delete_project_success" time="0.025" /><testcase classname="tests.test_project_router" name="test_generate_bibliography_success" time="0.026" /><testcase classname="tests.test_project_router" name="test_get_project_citations_success" time="0.037" /><testcase classname="tests.test_project_router" name="test_create_project_without_name" time="0.024" /><testcase classname="tests.test_project_router" name="test_create_project_duplicate_name" time="0.024" /><testcase classname="tests.test_project_router" name="test_get_project_not_found" time="0.033" /><testcase classname="tests.test_project_router" name="test_update_project_not_found" time="0.026" /><testcase classname="tests.test_project_router" name="test_delete_project_not_found" time="0.024" /><testcase classname="tests.test_project_router" name="test_bibliography_project_not_found" time="0.027" /><testcase classname="tests.test_project_router" name="test_internal_server_error" time="0.024" /><testcase classname="tests.test_project_router" name="test_get_project_citations_not_found" time="0.027" /><testcase classname="tests.test_project_router" name="test_bibliography_invalid_format" time="0.030" /><testcase classname="tests.test_project_router" name="test_get_project_citations_empty_list" time="0.030" /><testcase classname="tests.test_project_service" name="test_create_project_data_none" time="0.023" /><testcase classname="tests.test_project_service" name="test_create_project_validation_error" time="0.031" /><testcase classname="tests.test_project_service" name="test_create_project_name_exists" time="0.028" /><testcase classname="tests.test_project_service" name="test_create_project_valid_case" time="0.036" /><testcase classname="tests.test_project_service" name="test_get_project_id_none" time="0.025" /><testcase classname="tests.test_project_service" name="test_get_project_not_exists" time="0.026" /><testcase classname="tests.test_project_service" name="test_get_project_found" time="0.033" /><testcase classname="tests.test_project_service" name="test_get_all_projects_empty" time="0.030" /><testcase classname="tests.test_project_service" name="test_get_all_projects" time="0.034" /><testcase classname="tests.test_project_service" name="test_update_project_id_none" time="0.023" /><testcase classname="tests.test_project_service" name="test_update_project_data_none" time="0.029" /><testcase classname="tests.test_project_service" name="test_update_project_not_exists" time="0.028" /><testcase classname="tests.test_project_service" name="test_update_project_name_duplicate" time="0.030" /><testcase classname="tests.test_project_service" name="test_update_project_valid_case" time="0.032" /><testcase classname="tests.test_project_service" name="test_update_project_validation_error" time="0.026" /><testcase classname="tests.test_project_service" name="test_update_project_same_name" time="0.029" /><testcase classname="tests.test_project_service" name="test_delete_project_id_none" time="0.024" /><testcase classname="tests.test_project_service" name="test_delete_project_not_exists" time="0.022" /><testcase classname="tests.test_project_service" name="test_delete_project_valid_case" time="0.027" /><testcase classname="tests.test_project_service" name="test_delete_project_with_citations" time="0.055" /><testcase classname="tests.test_project_service" name="test_get_all_citations_by_project_id_none" time="0.025" /><testcase classname="tests.test_project_service" name="test_get_all_citations_by_project_not_exists" time="0.026" /><testcase classname="tests.test_project_service" name="test_get_all_citations_by_project_valid_case" time="0.047" /><testcase classname="tests.test_project_service" name="test_get_all_citations_by_project_multiple" time="0.057" /><testcase classname="tests.test_project_service" name="test_get_all_citations_by_project_empty" time="0.031" /><testcase classname="tests.test_project_service" name="test_generate_bibliography_project_id_none" time="0.032" /><testcase classname="tests.test_project_service" name="test_generate_bibliography_project_not_exists" time="0.028" /><testcase classname="tests.test_project_service" name="test_generate_bibliography_no_citations" time="0.031" /><testcase classname="tests.test_project_service" name="test_generate_bibliography_with_citations" time="0.048" /><testcase classname="tests.test_project_service" name="test_generate_bibliography_unsupported_format_fallback" time="0.047" /><testcase classname="tests.test_project_service" name="test_generate_bibliography_mla_format" time="0.051" /></testsuite></testsuites>